-- Selecting Windows SDK version 10.0.22000.0 to target Windows 10.0.22621.
-- Found ament_cmake: 0.9.11 (E:/dev/ros2_foxy/share/ament_cmake/cmake)
-- Using PYTHON_EXECUTABLE: C:/Python38/python.exe
-- Found rclcpp: 2.4.2 (E:/dev/ros2_foxy/share/rclcpp/cmake)
-- Using all available rosidl_typesupport_c: rosidl_typesupport_connext_c;rosidl_typesupport_fastrtps_c;rosidl_typesupport_introspection_c
-- Found rosidl_adapter: 1.3.0 (E:/dev/ros2_foxy/share/rosidl_adapter/cmake)
-- Could not find RTI Connext - skipping rosidl_typesupport_connext_c
-- Could not find RTI Connext - skipping rosidl_typesupport_connext_cpp
-- Using all available rosidl_typesupport_cpp: rosidl_typesupport_connext_cpp;rosidl_typesupport_fastrtps_cpp;rosidl_typesupport_introspection_cpp
-- Found rmw_implementation_cmake: 1.0.4 (E:/dev/ros2_foxy/share/rmw_implementation_cmake/cmake)
-- Using RMW implementation 'rmw_fastrtps_cpp' as default
-- Found std_msgs: 2.0.5 (E:/dev/ros2_foxy/share/std_msgs/cmake)
-- Configuring done (5.7s)
-- Generating done (0.2s)
-- Build files have been written to: E:/Projects/AUV/DROPLAB/ros_ws/build/cpp_pubsub
MSBuild version 17.5.1+f6fdcf537 for .NET Framework

  Checking Build System
  Building Custom Rule E:/Projects/AUV/DROPLAB/ros_ws/src/cpp_pubsub/CMakeLists.txt
  listener.vcxproj -> E:\Projects\AUV\DROPLAB\ros_ws\build\cpp_pubsub\Release\listener.exe
  Building Custom Rule E:/Projects/AUV/DROPLAB/ros_ws/src/cpp_pubsub/CMakeLists.txt
  publisher_member_function.cpp
E:\Projects\AUV\DROPLAB\ros_ws\src\cpp_pubsub\src\publisher_member_function.cpp(55,36): error C2039: 'Joy': is not a member of 'std_msgs::msg' [E:\Projects\AUV\DROPLAB\ros_ws\build\cpp_pubsub\talker.vcxproj]
E:/dev/ros2_foxy/include\std_msgs/msg/detail/header__struct.hpp(30,11): message : see declaration of 'std_msgs::msg' [E:\Projects\AUV\DROPLAB\ros_ws\build\cpp_pubsub\talker.vcxproj]
E:\Projects\AUV\DROPLAB\ros_ws\src\cpp_pubsub\src\publisher_member_function.cpp(55,39): error C2065: 'Joy': undeclared identifier [E:\Projects\AUV\DROPLAB\ros_ws\build\cpp_pubsub\talker.vcxproj]
E:\Projects\AUV\DROPLAB\ros_ws\src\cpp_pubsub\src\publisher_member_function.cpp(55,11): error C2923: 'rclcpp::Publisher': 'Joy' is not a valid template type argument for parameter 'MessageT' [E:\Projects\AUV\DROPLAB\ros_ws\build\cpp_pubsub\talker.vcxproj]
E:\Projects\AUV\DROPLAB\ros_ws\src\cpp_pubsub\src\publisher_member_function.cpp(55,39): message : see declaration of 'Joy' [E:\Projects\AUV\DROPLAB\ros_ws\build\cpp_pubsub\talker.vcxproj]
E:\Projects\AUV\DROPLAB\ros_ws\src\cpp_pubsub\src\publisher_member_function.cpp(55,11): error C2976: 'rclcpp::Publisher': too few template arguments [E:\Projects\AUV\DROPLAB\ros_ws\build\cpp_pubsub\talker.vcxproj]
E:/dev/ros2_foxy/include\rclcpp/publisher.hpp(51,17): message : see declaration of 'rclcpp::Publisher' [E:\Projects\AUV\DROPLAB\ros_ws\build\cpp_pubsub\talker.vcxproj]
E:\Projects\AUV\DROPLAB\ros_ws\src\cpp_pubsub\src\publisher_member_function.cpp(55,42): error C2955: 'rclcpp::Publisher': use of class template requires template argument list [E:\Projects\AUV\DROPLAB\ros_ws\build\cpp_pubsub\talker.vcxproj]
E:/dev/ros2_foxy/include\rclcpp/publisher.hpp(51,17): message : see declaration of 'rclcpp::Publisher' [E:\Projects\AUV\DROPLAB\ros_ws\build\cpp_pubsub\talker.vcxproj]
E:\Projects\AUV\DROPLAB\ros_ws\src\cpp_pubsub\src\publisher_member_function.cpp(57,1): warning C4624: 'MinimalPublisher': destructor was implicitly defined as deleted [E:\Projects\AUV\DROPLAB\ros_ws\build\cpp_pubsub\talker.vcxproj]
E:\Projects\AUV\DROPLAB\ros_ws\src\cpp_pubsub\src\publisher_member_function.cpp(57,1): error C2282: 'MinimalPublisher::~MinimalPublisher' cannot override 'rclcpp::Node::~Node' [E:\Projects\AUV\DROPLAB\ros_ws\build\cpp_pubsub\talker.vcxproj]
E:/dev/ros2_foxy/include\rclcpp/node.hpp(104,12): message : 'rclcpp::Node::~Node' is not deleted [E:\Projects\AUV\DROPLAB\ros_ws\build\cpp_pubsub\talker.vcxproj]
E:\Projects\AUV\DROPLAB\ros_ws\src\cpp_pubsub\src\publisher_member_function.cpp(32,3): error C2512: 'std::shared_ptr<rclcpp::Publisher<MessageT,AllocatorT>>': no appropriate default constructor available [E:\Projects\AUV\DROPLAB\ros_ws\build\cpp_pubsub\talker.vcxproj]
E:/dev/ros2_foxy/include\rclcpp/publisher.hpp(60,3): message : see declaration of 'std::shared_ptr<rclcpp::Publisher<MessageT,AllocatorT>>' [E:\Projects\AUV\DROPLAB\ros_ws\build\cpp_pubsub\talker.vcxproj]
E:\Projects\AUV\DROPLAB\ros_ws\src\cpp_pubsub\src\publisher_member_function.cpp(34,5): error C2678: binary '=': no operator found which takes a left-hand operand of type 'std::shared_ptr<rclcpp::Publisher<MessageT,AllocatorT>>' (or there is no acceptable conversion) [E:\Projects\AUV\DROPLAB\ros_ws\build\cpp_pubsub\talker.vcxproj]
E:\Program Files\Microsoft Visual Studio\2022\Community\VC\Tools\MSVC\14.35.32215\include\memory(1593,17): message : could be 'std::shared_ptr<_Ty> &std::shared_ptr<_Ty>::operator =(std::shared_ptr<_Ty> &&) noexcept' [E:\Projects\AUV\DROPLAB\ros_ws\build\cpp_pubsub\talker.vcxproj]
E:\Program Files\Microsoft Visual Studio\2022\Community\VC\Tools\MSVC\14.35.32215\include\memory(1582,17): message : or       'std::shared_ptr<_Ty> &std::shared_ptr<_Ty>::operator =(const std::shared_ptr<_Ty> &) noexcept' [E:\Projects\AUV\DROPLAB\ros_ws\build\cpp_pubsub\talker.vcxproj]
E:\Program Files\Microsoft Visual Studio\2022\Community\VC\Tools\MSVC\14.35.32215\include\memory(1616,17): message : or       'std::shared_ptr<_Ty> &std::shared_ptr<_Ty>::operator =(std::unique_ptr<_Ux,_Dx> &&)' [E:\Projects\AUV\DROPLAB\ros_ws\build\cpp_pubsub\talker.vcxproj]
E:\Projects\AUV\DROPLAB\ros_ws\src\cpp_pubsub\src\publisher_member_function.cpp(34,5): message : 'std::shared_ptr<_Ty> &std::shared_ptr<_Ty>::operator =(std::unique_ptr<_Ux,_Dx> &&)': could not deduce template argument for 'std::unique_ptr<_Ux,_Dx> &&' from 'std::shared_ptr<rclcpp::Publisher<MessageT,AllocatorT>>' [E:\Projects\AUV\DROPLAB\ros_ws\build\cpp_pubsub\talker.vcxproj]
          with
          [
              MessageT=sensor_msgs::msg::Joy,
              AllocatorT=std::allocator<void>
          ]
E:\Program Files\Microsoft Visual Studio\2022\Community\VC\Tools\MSVC\14.35.32215\include\memory(1606,17): message : or       'std::shared_ptr<_Ty> &std::shared_ptr<_Ty>::operator =(std::auto_ptr<_Other> &&)' [E:\Projects\AUV\DROPLAB\ros_ws\build\cpp_pubsub\talker.vcxproj]
E:\Projects\AUV\DROPLAB\ros_ws\src\cpp_pubsub\src\publisher_member_function.cpp(34,5): message : 'std::shared_ptr<_Ty> &std::shared_ptr<_Ty>::operator =(std::auto_ptr<_Other> &&)': could not deduce template argument for 'std::auto_ptr<_Other> &&' from 'std::shared_ptr<rclcpp::Publisher<MessageT,AllocatorT>>' [E:\Projects\AUV\DROPLAB\ros_ws\build\cpp_pubsub\talker.vcxproj]
          with
          [
              MessageT=sensor_msgs::msg::Joy,
              AllocatorT=std::allocator<void>
          ]
E:\Program Files\Microsoft Visual Studio\2022\Community\VC\Tools\MSVC\14.35.32215\include\memory(1599,17): message : or       'std::shared_ptr<_Ty> &std::shared_ptr<_Ty>::operator =(std::shared_ptr<_Ty2> &&) noexcept' [E:\Projects\AUV\DROPLAB\ros_ws\build\cpp_pubsub\talker.vcxproj]
E:\Projects\AUV\DROPLAB\ros_ws\src\cpp_pubsub\src\publisher_member_function.cpp(34,1): message : 'std::shared_ptr<_Ty> &std::shared_ptr<_Ty>::operator =(std::shared_ptr<_Ty2> &&) noexcept': could not deduce template argument for '__formal' [E:\Projects\AUV\DROPLAB\ros_ws\build\cpp_pubsub\talker.vcxproj]
E:\Program Files\Microsoft Visual Studio\2022\Community\VC\Tools\MSVC\14.35.32215\include\memory(1588,17): message : or       'std::shared_ptr<_Ty> &std::shared_ptr<_Ty>::operator =(const std::shared_ptr<_Ty2> &) noexcept' [E:\Projects\AUV\DROPLAB\ros_ws\build\cpp_pubsub\talker.vcxproj]
E:\Projects\AUV\DROPLAB\ros_ws\src\cpp_pubsub\src\publisher_member_function.cpp(34,1): message : 'std::shared_ptr<_Ty> &std::shared_ptr<_Ty>::operator =(const std::shared_ptr<_Ty2> &) noexcept': could not deduce template argument for '__formal' [E:\Projects\AUV\DROPLAB\ros_ws\build\cpp_pubsub\talker.vcxproj]
E:\Projects\AUV\DROPLAB\ros_ws\src\cpp_pubsub\src\publisher_member_function.cpp(34,5): message : while trying to match the argument list '(std::shared_ptr<rclcpp::Publisher<MessageT,AllocatorT>>, std::shared_ptr<rclcpp::Publisher<MessageT,AllocatorT>>)' [E:\Projects\AUV\DROPLAB\ros_ws\build\cpp_pubsub\talker.vcxproj]
          with
          [
              MessageT=sensor_msgs::msg::Joy,
              AllocatorT=std::allocator<void>
          ]
E:\Projects\AUV\DROPLAB\ros_ws\src\cpp_pubsub\src\publisher_member_function.cpp(34,20): error C2582: 'operator =' function is unavailable in 'std::shared_ptr<rclcpp::Publisher<MessageT,AllocatorT>>' [E:\Projects\AUV\DROPLAB\ros_ws\build\cpp_pubsub\talker.vcxproj]
E:\Projects\AUV\DROPLAB\ros_ws\src\cpp_pubsub\src\publisher_member_function.cpp(51,5): error C2675: unary '->': 'std::shared_ptr<rclcpp::Publisher<MessageT,AllocatorT>>' does not define this operator or a conversion to a type acceptable to the predefined operator [E:\Projects\AUV\DROPLAB\ros_ws\build\cpp_pubsub\talker.vcxproj]
E:\Program Files\Microsoft Visual Studio\2022\Community\VC\Tools\MSVC\14.35.32215\include\memory(1661,22): message : could be '_Ty2 *std::shared_ptr<_Ty>::operator ->(void) noexcept const' [E:\Projects\AUV\DROPLAB\ros_ws\build\cpp_pubsub\talker.vcxproj]
E:\Projects\AUV\DROPLAB\ros_ws\src\cpp_pubsub\src\publisher_member_function.cpp(51,1): message : '_Ty2 *std::shared_ptr<_Ty>::operator ->(void) noexcept const': could not deduce template argument for '__formal' [E:\Projects\AUV\DROPLAB\ros_ws\build\cpp_pubsub\talker.vcxproj]
